<?xml version="1.0" encoding="UTF-8"?>
<!-- Generated by org.testng.reporters.JUnitReportReporter -->
<testsuite hostname="MacBook-Pro.local" failures="0" tests="12" name="group.artifact.ApiTestcases" time="2.339" errors="0" timestamp="19 Aug 2021 10:41:01 GMT" skipped="0">
  <testcase classname="group.artifact.ApiTestcases" name="getInvalidId" time="1.634"/>
  <testcase classname="group.artifact.ApiTestcases" name="getStringid" time="0.043"/>
  <testcase classname="group.artifact.ApiTestcases" name="getWithoutid" time="0.122"/>
  <testcase classname="group.artifact.ApiTestcases" name="getValidId" time="0.051"/>
  <testcase classname="group.artifact.ApiTestcases" name="putValidIdWithoutHeader" time="0.071"/>
  <testcase classname="group.artifact.ApiTestcases" name="putInvalidId" time="0.046"/>
  <testcase classname="group.artifact.ApiTestcases" name="putValidIdWithInvalidData" time="0.038"/>
  <testcase classname="group.artifact.ApiTestcases" name="putValidId" time="0.037"/>
  <testcase classname="group.artifact.ApiTestcases" name="deleteInvalidId" time="0.034"/>
  <testcase classname="group.artifact.ApiTestcases" name="deleteStringId" time="0.050"/>
  <testcase classname="group.artifact.ApiTestcases" name="deleteWithoutId" time="0.149"/>
  <testcase classname="group.artifact.ApiTestcases" name="deleteValidId" time="0.064"/>
</testsuite> <!-- group.artifact.ApiTestcases -->
